00:00:00.000092 main     VirtualBox XPCOM Server 7.2.4 r170995 linux.amd64 (Oct 22 2025 16:59:14) release log
00:00:00.000093 main     Log opened 2025-12-13T01:35:42.215894000Z
00:00:00.000093 main     Build Type: release
00:00:00.000094 main     OS Product: Linux
00:00:00.000094 main     OS Release: 6.17.9-zen1-1-zen
00:00:00.000095 main     OS Version: #1 ZEN SMP PREEMPT_DYNAMIC Mon, 24 Nov 2025 15:21:16 +0000
00:00:00.000106 main     DMI Product Name: B460MDS3HAC
00:00:00.000110 main     DMI Product Version: Default string
00:00:00.000112 main     Firmware type: UEFI
00:00:00.000259 main     Secure Boot: Disabled
00:00:00.000278 main     Host RAM: 32016MB (31.2GB) total, 18330MB (17.9GB) available
00:00:00.000280 main     Executable: /usr/lib/virtualbox/VBoxSVC
00:00:00.000280 main     Process ID: 38253
00:00:00.000280 main     Package type: LINUX_64BITS_GENERIC (OSE)
00:00:00.003353 main     IPC socket path: /tmp/.vbox-djamieson-ipc/ipcd
00:00:00.005142 DCon01   VirtualBox: object creation starts
00:00:00.005171 DCon01   Home directory: '/home/djamieson/.config/VirtualBox'
00:00:00.005227 DCon01   Loading settings file "/home/djamieson/.config/VirtualBox/VirtualBox.xml" with version "1.12-linux"
00:00:00.017060 DCon01   NetIfAdpCtlOut: VBoxNetAdpCtl: Error while retrieving link speed for wlan0: VBoxNetAdpCtl: ioctl failed: Operation not supported
00:00:00.017552 DCon01   HostDnsMonitor: initializing
00:00:00.017626 DCon01   NAT: resolv.conf: nameserver ::1
00:00:00.017629 DCon01   NAT: resolv.conf: nameserver 127.0.0.1
00:00:00.017631 DCon01   NAT: resolv.conf: ignoring "options edns0 trust-ad"
00:00:00.017637 DCon01   HostDnsMonitor: updating information
00:00:00.017642 DCon01   HostDnsMonitor: old information
00:00:00.017642 DCon01     no server entries
00:00:00.017643 DCon01     no domain set
00:00:00.017644 DCon01     no search string entries
00:00:00.017644 DCon01   HostDnsMonitor: new information
00:00:00.017645 DCon01     server 1: ::1
00:00:00.017646 DCon01     server 2: 127.0.0.1
00:00:00.017647 DCon01     no domain set
00:00:00.017648 DCon01     no search string entries
00:00:00.018563 DCon01   VD: VDInit finished with VINF_SUCCESS
00:00:00.018611 DCon01   ERROR [COM]: aRC=NS_ERROR_FAILURE (0x80004005) aIID={925084b0-625f-422f-a67d-0ede1880a56c} aComponent={SystemPropertiesWrap} aText={Cannot determine default Guest Additions ISO location. Most likely they are not available}, preserve=false aResultDetail=0
00:00:00.018965 DCon01   Platform architecture set to 'x86'
00:00:00.019108 DCon01   Loading settings file "/home/djamieson/VirtualBox VMs/OpenSUSE Tumbleweed/OpenSUSE Tumbleweed.vbox" with version "1.19-linux"
00:00:00.019189 DCon01   Platform architecture set to 'x86'
00:00:00.019474 DCon01   VirtualBox: object created
00:00:00.089735 DCon02   Saving settings file "/home/djamieson/.config/VirtualBox/VirtualBox.xml" with version "1.12-linux"
00:00:00.091934 DCon02   Finished saving settings file "/home/djamieson/.config/VirtualBox/VirtualBox.xml"
00:00:00.447873 DCon03   Saving settings file "/home/djamieson/.config/VirtualBox/VirtualBox.xml" with version "1.12-linux"
00:00:00.449506 DCon03   Finished saving settings file "/home/djamieson/.config/VirtualBox/VirtualBox.xml"
00:00:00.464415 DCon03   WARNING [COM]: aRC=NS_ERROR_FAILURE (0x80004005) aIID={d5dcece0-b202-4416-a138-03502784cc07} aComponent={HostWrap} aText={VirtualBox is not currently allowed to access USB devices.  You can change this by adding your user to the 'vboxusers' group.  Please see the user manual for a more detailed explanation}, preserve=true aResultDetail=0
00:00:00.464922 DCon03   WARNING [COM]: aRC=NS_ERROR_FAILURE (0x80004005) aIID={d5dcece0-b202-4416-a138-03502784cc07} aComponent={HostWrap} aText={VirtualBox is not currently allowed to access USB devices.  You can change this by adding your user to the 'vboxusers' group.  Please see the user manual for a more detailed explanation}, preserve=false aResultDetail=0
00:00:00.474823 DCon03   ERROR [COM]: aRC=VBOX_E_OBJECT_NOT_FOUND (0x80bb0001) aIID={5bfd8965-b81b-469f-8649-f717ce97a5d5} aComponent={NvramStoreWrap} aText={The UEFI NVRAM file is not existing for this machine}, preserve=false aResultDetail=0
00:00:00.537107 DCon04   ERROR [COM]: aRC=VBOX_E_INVALID_VM_STATE (0x80bb0002) aIID={e36a5081-a82a-40bd-9e4e-42a44d6ce50f} aComponent={MachineWrap} aText={The machine is not mutable, saved or running (state is PoweredOff)}, preserve=false aResultDetail=0
00:00:00.574103 DCon04   WARNING [COM]: aRC=NS_ERROR_FAILURE (0x80004005) aIID={d5dcece0-b202-4416-a138-03502784cc07} aComponent={HostWrap} aText={VirtualBox is not currently allowed to access USB devices.  You can change this by adding your user to the 'vboxusers' group.  Please see the user manual for a more detailed explanation}, preserve=true aResultDetail=0
00:00:00.574600 DCon04   WARNING [COM]: aRC=NS_ERROR_FAILURE (0x80004005) aIID={d5dcece0-b202-4416-a138-03502784cc07} aComponent={HostWrap} aText={VirtualBox is not currently allowed to access USB devices.  You can change this by adding your user to the 'vboxusers' group.  Please see the user manual for a more detailed explanation}, preserve=true aResultDetail=0
00:00:06.691790 DCon02   Failed to convert argument #0 '/usr/lib/virtualbox/VirtualBoxVM' to 'US.UTF-8': VERR_NO_TRANSLATION
00:00:06.691858 DCon02   ERROR [COM]: aRC=VBOX_E_IPRT_ERROR (0x80bb0005) aIID={e36a5081-a82a-40bd-9e4e-42a44d6ce50f} aComponent={MachineWrap} aText={Could not launch the VM process for the machine 'OpenSUSE Tumbleweed' (VERR_PROC_NO_ARG_TRANSLATION)}, preserve=false aResultDetail=-22425
00:00:24.982987 main     VirtualBox: object deletion starts
00:00:24.983012 main     ERROR [COM]: aRC=VBOX_E_OBJECT_IN_USE (0x80bb000c) aIID={7d510820-a678-4730-a862-818dcd3fbed0} aComponent={MediumWrap} aText={Medium '/home/djamieson/VirtualBox VMs/OpenSUSE Tumbleweed/OpenSUSE Tumbleweed.vdi' cannot be closed because it is still attached to 1 virtual machines}, preserve=false aResultDetail=0
00:00:24.983321 main     HostDnsMonitor: shutting down ...
00:00:24.983450 main     HostDnsMonitor: shut down
00:00:24.993919 Watcher  ERROR [COM]: aRC=E_ACCESSDENIED (0x80070005) aIID={2ce10519-3c09-45d8-a12d-e887786146b7} aComponent={VirtualBoxWrap} aText={The object is not ready}, preserve=false aResultDetail=0
00:00:24.993953 main     VirtualBox: object deleted
